2025-06-23 18:49:33,095:INFO:app.config:アプリケーションを開始します
2025-06-23 18:49:33,096:INFO:app.controller:更新処理を開始します
2025-06-23 18:49:33,096:INFO:app.controller:エクセルファイルを読み込みます: C:\Users\eisuke_koresawa\project\mjs_ai_assistant\files\data.xlsx
2025-06-23 18:49:33,495:INFO:app.controller:エクセルファイルの読み込みに成功しました。レコード数: 2539
2025-06-23 18:49:33,497:INFO:app.controller:処理中 (1/2539): KBA: KBA-04364-P0T5Q8
2025-06-23 18:49:39,154:INFO:app.dynamics:KBA: KBA-04364-P0T5Q8 : URL: http://sv-vw-ejap:5555/SupportCenter/main.aspx?etc=127&extraqs=%3fetc%3d127%26id%3d%257bee01b58b-33bb-ea11-8826-00505695a183%257d&newWindow=true&pagetype=entityrecord : 更新成功
2025-06-23 18:49:41,375:INFO:app.controller:処理中 (2/2539): KBA: KBA-04418-K9M5D8
2025-06-23 18:49:46,734:INFO:app.dynamics:KBA: KBA-04418-K9M5D8 : URL: http://sv-vw-ejap:5555/SupportCenter/main.aspx?etc=127&extraqs=%3fetc%3d127%26id%3d%257b5a02b58b-33bb-ea11-8826-00505695a183%257d&newWindow=true&pagetype=entityrecord : 更新成功
2025-06-23 18:49:48,955:INFO:app.controller:処理中 (3/2539): KBA: KBA-04439-G0C1M1
2025-06-23 18:49:54,345:INFO:app.dynamics:KBA: KBA-04439-G0C1M1 : URL: http://sv-vw-ejap:5555/SupportCenter/main.aspx?etc=127&extraqs=%3fetc%3d127%26id%3d%257b8402b58b-33bb-ea11-8826-00505695a183%257d&newWindow=true&pagetype=entityrecord : 更新成功
2025-06-23 18:49:56,554:INFO:app.controller:処理中 (4/2539): KBA: KBA-04440-Q4V8B7
2025-06-23 18:50:01,934:INFO:app.dynamics:KBA: KBA-04440-Q4V8B7 : URL: http://sv-vw-ejap:5555/SupportCenter/main.aspx?etc=127&extraqs=%3fetc%3d127%26id%3d%257b8602b58b-33bb-ea11-8826-00505695a183%257d&newWindow=true&pagetype=entityrecord : 更新成功
2025-06-23 18:50:04,193:INFO:app.controller:処理中 (5/2539): KBA: KBA-04441-Y6M5B9
2025-06-23 18:50:09,555:INFO:app.dynamics:KBA: KBA-04441-Y6M5B9 : URL: http://sv-vw-ejap:5555/SupportCenter/main.aspx?etc=127&extraqs=%3fetc%3d127%26id%3d%257b8802b58b-33bb-ea11-8826-00505695a183%257d&newWindow=true&pagetype=entityrecord : 更新成功
2025-06-23 18:50:11,767:INFO:app.controller:処理中 (6/2539): KBA: KBA-04442-V4W8K4
2025-06-23 18:50:17,156:INFO:app.dynamics:KBA: KBA-04442-V4W8K4 : URL: http://sv-vw-ejap:5555/SupportCenter/main.aspx?etc=127&extraqs=%3fetc%3d127%26id%3d%257b8a02b58b-33bb-ea11-8826-00505695a183%257d&newWindow=true&pagetype=entityrecord : 更新成功
2025-06-23 18:50:19,393:INFO:app.controller:処理中 (7/2539): KBA: KBA-04448-V9V6F5
2025-06-23 18:50:24,748:INFO:app.dynamics:KBA: KBA-04448-V9V6F5 : URL: http://sv-vw-ejap:5555/SupportCenter/main.aspx?etc=127&extraqs=%3fetc%3d127%26id%3d%257b9602b58b-33bb-ea11-8826-00505695a183%257d&newWindow=true&pagetype=entityrecord : 更新成功
2025-06-23 18:50:26,961:INFO:app.controller:処理中 (8/2539): KBA: KBA-04449-D5F9J7
2025-06-23 18:50:32,364:INFO:app.dynamics:KBA: KBA-04449-D5F9J7 : URL: http://sv-vw-ejap:5555/SupportCenter/main.aspx?etc=127&extraqs=%3fetc%3d127%26id%3d%257b9802b58b-33bb-ea11-8826-00505695a183%257d&newWindow=true&pagetype=entityrecord : 更新成功
2025-06-23 18:50:34,643:INFO:app.controller:処理中 (9/2539): KBA: KBA-04456-C7P0C6
2025-06-23 18:50:40,253:INFO:app.dynamics:KBA: KBA-04456-C7P0C6 : URL: http://sv-vw-ejap:5555/SupportCenter/main.aspx?etc=127&extraqs=%3fetc%3d127%26id%3d%257ba602b58b-33bb-ea11-8826-00505695a183%257d&newWindow=true&pagetype=entityrecord : 更新成功
2025-06-23 18:50:42,480:INFO:app.controller:処理中 (10/2539): KBA: KBA-04482-P7B9F2
2025-06-23 18:50:47,883:INFO:app.dynamics:KBA: KBA-04482-P7B9F2 : URL: http://sv-vw-ejap:5555/SupportCenter/main.aspx?etc=127&extraqs=%3fetc%3d127%26id%3d%257bda02b58b-33bb-ea11-8826-00505695a183%257d&newWindow=true&pagetype=entityrecord : 更新成功
2025-06-23 18:50:50,091:INFO:app.controller:処理中 (11/2539): KBA: KBA-04485-T9Q3T4
2025-06-23 18:50:55,551:INFO:app.dynamics:KBA: KBA-04485-T9Q3T4 : URL: http://sv-vw-ejap:5555/SupportCenter/main.aspx?etc=127&extraqs=%3fetc%3d127%26id%3d%257be002b58b-33bb-ea11-8826-00505695a183%257d&newWindow=true&pagetype=entityrecord : 更新成功
2025-06-23 18:50:57,811:INFO:app.controller:処理中 (12/2539): KBA: KBA-04489-F9S3D7
2025-06-23 18:51:03,245:INFO:app.dynamics:KBA: KBA-04489-F9S3D7 : URL: http://sv-vw-ejap:5555/SupportCenter/main.aspx?etc=127&extraqs=%3fetc%3d127%26id%3d%257be802b58b-33bb-ea11-8826-00505695a183%257d&newWindow=true&pagetype=entityrecord : 更新成功
2025-06-23 18:51:05,485:INFO:app.controller:処理中 (13/2539): KBA: KBA-04490-B0W4G0
2025-06-23 18:51:10,833:INFO:app.dynamics:KBA: KBA-04490-B0W4G0 : URL: http://sv-vw-ejap:5555/SupportCenter/main.aspx?etc=127&extraqs=%3fetc%3d127%26id%3d%257bea02b58b-33bb-ea11-8826-00505695a183%257d&newWindow=true&pagetype=entityrecord : 更新成功
2025-06-23 18:51:13,046:INFO:app.controller:処理中 (14/2539): KBA: KBA-04491-J7Q1R6
2025-06-23 18:51:18,405:INFO:app.dynamics:KBA: KBA-04491-J7Q1R6 : URL: http://sv-vw-ejap:5555/SupportCenter/main.aspx?etc=127&extraqs=%3fetc%3d127%26id%3d%257bec02b58b-33bb-ea11-8826-00505695a183%257d&newWindow=true&pagetype=entityrecord : 更新成功
2025-06-23 18:51:20,613:INFO:app.controller:処理中 (15/2539): KBA: KBA-04492-P9W7H3
2025-06-23 18:51:26,052:INFO:app.dynamics:KBA: KBA-04492-P9W7H3 : URL: http://sv-vw-ejap:5555/SupportCenter/main.aspx?etc=127&extraqs=%3fetc%3d127%26id%3d%257bee02b58b-33bb-ea11-8826-00505695a183%257d&newWindow=true&pagetype=entityrecord : 更新成功
2025-06-23 18:51:28,287:INFO:app.controller:処理中 (16/2539): KBA: KBA-04502-V6Y8M6
2025-06-23 18:51:33,731:INFO:app.dynamics:KBA: KBA-04502-V6Y8M6 : URL: http://sv-vw-ejap:5555/SupportCenter/main.aspx?etc=127&extraqs=%3fetc%3d127%26id%3d%257b0203b58b-33bb-ea11-8826-00505695a183%257d&newWindow=true&pagetype=entityrecord : 更新成功
2025-06-23 18:51:35,945:INFO:app.controller:処理中 (17/2539): KBA: KBA-04503-N2C2T5
2025-06-23 18:51:41,514:INFO:app.dynamics:KBA: KBA-04503-N2C2T5 : URL: http://sv-vw-ejap:5555/SupportCenter/main.aspx?etc=127&extraqs=%3fetc%3d127%26id%3d%257b0403b58b-33bb-ea11-8826-00505695a183%257d&newWindow=true&pagetype=entityrecord : 更新成功
2025-06-23 18:51:43,727:INFO:app.controller:処理中 (18/2539): KBA: KBA-04504-T3P2F1
2025-06-23 18:51:49,157:INFO:app.dynamics:KBA: KBA-04504-T3P2F1 : URL: http://sv-vw-ejap:5555/SupportCenter/main.aspx?etc=127&extraqs=%3fetc%3d127%26id%3d%257b0603b58b-33bb-ea11-8826-00505695a183%257d&newWindow=true&pagetype=entityrecord : 更新成功
2025-06-23 18:51:51,373:INFO:app.controller:処理中 (19/2539): KBA: KBA-04509-G2T1S8
2025-06-23 18:51:56,804:INFO:app.dynamics:KBA: KBA-04509-G2T1S8 : URL: http://sv-vw-ejap:5555/SupportCenter/main.aspx?etc=127&extraqs=%3fetc%3d127%26id%3d%257b1003b58b-33bb-ea11-8826-00505695a183%257d&newWindow=true&pagetype=entityrecord : 更新成功
2025-06-23 18:51:59,012:INFO:app.controller:処理中 (20/2539): KBA: KBA-04510-G3M6J1
2025-06-23 18:52:04,389:INFO:app.dynamics:KBA: KBA-04510-G3M6J1 : URL: http://sv-vw-ejap:5555/SupportCenter/main.aspx?etc=127&extraqs=%3fetc%3d127%26id%3d%257b1203b58b-33bb-ea11-8826-00505695a183%257d&newWindow=true&pagetype=entityrecord : 更新成功
2025-06-23 18:52:06,589:INFO:app.controller:処理中 (21/2539): KBA: KBA-04514-V8Y3G6
2025-06-23 18:52:11,947:INFO:app.dynamics:KBA: KBA-04514-V8Y3G6 : URL: http://sv-vw-ejap:5555/SupportCenter/main.aspx?etc=127&extraqs=%3fetc%3d127%26id%3d%257b1a03b58b-33bb-ea11-8826-00505695a183%257d&newWindow=true&pagetype=entityrecord : 更新成功
2025-06-23 18:52:14,158:INFO:app.controller:処理中 (22/2539): KBA: KBA-04519-J1S5H6
2025-06-23 18:52:19,536:INFO:app.dynamics:KBA: KBA-04519-J1S5H6 : URL: http://sv-vw-ejap:5555/SupportCenter/main.aspx?etc=127&extraqs=%3fetc%3d127%26id%3d%257b2403b58b-33bb-ea11-8826-00505695a183%257d&newWindow=true&pagetype=entityrecord : 更新成功
2025-06-23 18:52:21,753:INFO:app.controller:処理中 (23/2539): KBA: KBA-04520-Y9W5X7
2025-06-23 18:52:27,098:INFO:app.dynamics:KBA: KBA-04520-Y9W5X7 : URL: http://sv-vw-ejap:5555/SupportCenter/main.aspx?etc=127&extraqs=%3fetc%3d127%26id%3d%257b2603b58b-33bb-ea11-8826-00505695a183%257d&newWindow=true&pagetype=entityrecord : 更新成功
2025-06-23 18:52:29,318:INFO:app.controller:処理中 (24/2539): KBA: KBA-04521-Z1G7Z1
2025-06-23 18:52:34,683:INFO:app.dynamics:KBA: KBA-04521-Z1G7Z1 : URL: http://sv-vw-ejap:5555/SupportCenter/main.aspx?etc=127&extraqs=%3fetc%3d127%26id%3d%257b2803b58b-33bb-ea11-8826-00505695a183%257d&newWindow=true&pagetype=entityrecord : 更新成功
2025-06-23 18:52:36,890:INFO:app.controller:処理中 (25/2539): KBA: KBA-04523-F8F8K6
2025-06-23 18:52:42,290:INFO:app.dynamics:KBA: KBA-04523-F8F8K6 : URL: http://sv-vw-ejap:5555/SupportCenter/main.aspx?etc=127&extraqs=%3fetc%3d127%26id%3d%257b2c03b58b-33bb-ea11-8826-00505695a183%257d&newWindow=true&pagetype=entityrecord : 更新成功
2025-06-23 18:52:44,518:INFO:app.controller:処理中 (26/2539): KBA: KBA-04524-Y4T9T9
2025-06-23 18:52:49,914:INFO:app.dynamics:KBA: KBA-04524-Y4T9T9 : URL: http://sv-vw-ejap:5555/SupportCenter/main.aspx?etc=127&extraqs=%3fetc%3d127%26id%3d%257b2e03b58b-33bb-ea11-8826-00505695a183%257d&newWindow=true&pagetype=entityrecord : 更新成功
2025-06-23 18:52:52,143:INFO:app.controller:処理中 (27/2539): KBA: KBA-04527-K5X9Z8
2025-06-23 18:52:57,573:INFO:app.dynamics:KBA: KBA-04527-K5X9Z8 : URL: http://sv-vw-ejap:5555/SupportCenter/main.aspx?etc=127&extraqs=%3fetc%3d127%26id%3d%257b3403b58b-33bb-ea11-8826-00505695a183%257d&newWindow=true&pagetype=entityrecord : 更新成功
2025-06-23 18:52:59,789:INFO:app.controller:処理中 (28/2539): KBA: KBA-04536-D9K7V1
2025-06-23 18:53:05,268:INFO:app.dynamics:KBA: KBA-04536-D9K7V1 : URL: http://sv-vw-ejap:5555/SupportCenter/main.aspx?etc=127&extraqs=%3fetc%3d127%26id%3d%257b4603b58b-33bb-ea11-8826-00505695a183%257d&newWindow=true&pagetype=entityrecord : 更新成功
2025-06-23 18:53:07,470:INFO:app.controller:処理中 (29/2539): KBA: KBA-04538-V0K4P6
2025-06-23 18:53:12,870:INFO:app.dynamics:KBA: KBA-04538-V0K4P6 : URL: http://sv-vw-ejap:5555/SupportCenter/main.aspx?etc=127&extraqs=%3fetc%3d127%26id%3d%257b4a03b58b-33bb-ea11-8826-00505695a183%257d&newWindow=true&pagetype=entityrecord : 更新成功
2025-06-23 18:53:15,072:INFO:app.controller:処理中 (30/2539): KBA: KBA-04540-H0V4Z2
2025-06-23 18:53:20,548:INFO:app.dynamics:KBA: KBA-04540-H0V4Z2 : URL: http://sv-vw-ejap:5555/SupportCenter/main.aspx?etc=127&extraqs=%3fetc%3d127%26id%3d%257b4e03b58b-33bb-ea11-8826-00505695a183%257d&newWindow=true&pagetype=entityrecord : 更新成功
2025-06-23 18:53:22,754:INFO:app.controller:処理中 (31/2539): KBA: KBA-04543-X7W1T4
2025-06-23 18:53:28,179:INFO:app.dynamics:KBA: KBA-04543-X7W1T4 : URL: http://sv-vw-ejap:5555/SupportCenter/main.aspx?etc=127&extraqs=%3fetc%3d127%26id%3d%257b5403b58b-33bb-ea11-8826-00505695a183%257d&newWindow=true&pagetype=entityrecord : 更新成功
2025-06-23 18:53:30,388:INFO:app.controller:処理中 (32/2539): KBA: KBA-04544-J5N6G0
2025-06-23 18:53:35,812:INFO:app.dynamics:KBA: KBA-04544-J5N6G0 : URL: http://sv-vw-ejap:5555/SupportCenter/main.aspx?etc=127&extraqs=%3fetc%3d127%26id%3d%257b5603b58b-33bb-ea11-8826-00505695a183%257d&newWindow=true&pagetype=entityrecord : 更新成功
2025-06-23 18:53:38,013:INFO:app.controller:処理中 (33/2539): KBA: KBA-04552-B4P6G8
2025-06-23 18:53:43,430:INFO:app.dynamics:KBA: KBA-04552-B4P6G8 : URL: http://sv-vw-ejap:5555/SupportCenter/main.aspx?etc=127&extraqs=%3fetc%3d127%26id%3d%257b6603b58b-33bb-ea11-8826-00505695a183%257d&newWindow=true&pagetype=entityrecord : 更新成功
2025-06-23 18:53:45,633:INFO:app.controller:処理中 (34/2539): KBA: KBA-04573-B7R2Z3
2025-06-23 18:53:51,014:INFO:app.dynamics:KBA: KBA-04573-B7R2Z3 : URL: http://sv-vw-ejap:5555/SupportCenter/main.aspx?etc=127&extraqs=%3fetc%3d127%26id%3d%257b9003b58b-33bb-ea11-8826-00505695a183%257d&newWindow=true&pagetype=entityrecord : 更新成功
2025-06-23 18:53:53,237:INFO:app.controller:処理中 (35/2539): KBA: KBA-04575-Y6F1K1
2025-06-23 18:53:58,854:INFO:app.dynamics:KBA: KBA-04575-Y6F1K1 : URL: http://sv-vw-ejap:5555/SupportCenter/main.aspx?etc=127&extraqs=%3fetc%3d127%26id%3d%257b9403b58b-33bb-ea11-8826-00505695a183%257d&newWindow=true&pagetype=entityrecord : 更新成功
2025-06-23 18:54:01,052:INFO:app.controller:処理中 (36/2539): KBA: KBA-04578-S4H8J8
2025-06-23 18:54:06,524:INFO:app.dynamics:KBA: KBA-04578-S4H8J8 : URL: http://sv-vw-ejap:5555/SupportCenter/main.aspx?etc=127&extraqs=%3fetc%3d127%26id%3d%257b9a03b58b-33bb-ea11-8826-00505695a183%257d&newWindow=true&pagetype=entityrecord : 更新成功
2025-06-23 18:54:08,730:INFO:app.controller:処理中 (37/2539): KBA: KBA-04579-Q8Q5N2
2025-06-23 18:54:14,156:INFO:app.dynamics:KBA: KBA-04579-Q8Q5N2 : URL: http://sv-vw-ejap:5555/SupportCenter/main.aspx?etc=127&extraqs=%3fetc%3d127%26id%3d%257b9c03b58b-33bb-ea11-8826-00505695a183%257d&newWindow=true&pagetype=entityrecord : 更新成功
2025-06-23 18:54:16,374:INFO:app.controller:処理中 (38/2539): KBA: KBA-04580-J3C8Y1
2025-06-23 18:54:21,774:INFO:app.dynamics:KBA: KBA-04580-J3C8Y1 : URL: http://sv-vw-ejap:5555/SupportCenter/main.aspx?etc=127&extraqs=%3fetc%3d127%26id%3d%257b9e03b58b-33bb-ea11-8826-00505695a183%257d&newWindow=true&pagetype=entityrecord : 更新成功
2025-06-23 18:54:24,039:INFO:app.controller:処理中 (39/2539): KBA: KBA-04584-M4M0J6
2025-06-23 18:54:29,516:INFO:app.dynamics:KBA: KBA-04584-M4M0J6 : URL: http://sv-vw-ejap:5555/SupportCenter/main.aspx?etc=127&extraqs=%3fetc%3d127%26id%3d%257ba603b58b-33bb-ea11-8826-00505695a183%257d&newWindow=true&pagetype=entityrecord : 更新成功
2025-06-23 18:54:31,719:INFO:app.controller:処理中 (40/2539): KBA: KBA-04607-W2G8H7
2025-06-23 18:54:37,116:INFO:app.dynamics:KBA: KBA-04607-W2G8H7 : URL: http://sv-vw-ejap:5555/SupportCenter/main.aspx?etc=127&extraqs=%3fetc%3d127%26id%3d%257bd403b58b-33bb-ea11-8826-00505695a183%257d&newWindow=true&pagetype=entityrecord : 更新成功
2025-06-23 18:54:39,353:INFO:app.controller:処理中 (41/2539): KBA: KBA-04631-N1D2K9
2025-06-23 18:54:44,765:INFO:app.dynamics:KBA: KBA-04631-N1D2K9 : URL: http://sv-vw-ejap:5555/SupportCenter/main.aspx?etc=127&extraqs=%3fetc%3d127%26id%3d%257b0404b58b-33bb-ea11-8826-00505695a183%257d&newWindow=true&pagetype=entityrecord : 更新成功
2025-06-23 18:54:46,998:INFO:app.controller:処理中 (42/2539): KBA: KBA-04651-T7R5F3
2025-06-23 18:54:52,346:INFO:app.dynamics:KBA: KBA-04651-T7R5F3 : URL: http://sv-vw-ejap:5555/SupportCenter/main.aspx?etc=127&extraqs=%3fetc%3d127%26id%3d%257b2c04b58b-33bb-ea11-8826-00505695a183%257d&newWindow=true&pagetype=entityrecord : 更新成功
2025-06-23 18:54:54,564:INFO:app.controller:処理中 (43/2539): KBA: KBA-04652-R7H7M4
2025-06-23 18:54:59,931:INFO:app.dynamics:KBA: KBA-04652-R7H7M4 : URL: http://sv-vw-ejap:5555/SupportCenter/main.aspx?etc=127&extraqs=%3fetc%3d127%26id%3d%257b2e04b58b-33bb-ea11-8826-00505695a183%257d&newWindow=true&pagetype=entityrecord : 更新成功
2025-06-23 18:55:02,159:INFO:app.controller:処理中 (44/2539): KBA: KBA-04673-Z0X1Y3
2025-06-23 18:55:07,595:INFO:app.dynamics:KBA: KBA-04673-Z0X1Y3 : URL: http://sv-vw-ejap:5555/SupportCenter/main.aspx?etc=127&extraqs=%3fetc%3d127%26id%3d%257b5804b58b-33bb-ea11-8826-00505695a183%257d&newWindow=true&pagetype=entityrecord : 更新成功
2025-06-23 18:55:09,806:INFO:app.controller:処理中 (45/2539): KBA: KBA-04674-Y4J4M1
2025-06-23 18:55:15,306:INFO:app.dynamics:KBA: KBA-04674-Y4J4M1 : URL: http://sv-vw-ejap:5555/SupportCenter/main.aspx?etc=127&extraqs=%3fetc%3d127%26id%3d%257b5a04b58b-33bb-ea11-8826-00505695a183%257d&newWindow=true&pagetype=entityrecord : 更新成功
2025-06-23 18:55:17,545:INFO:app.controller:処理中 (46/2539): KBA: KBA-04681-P0K8M4
2025-06-23 18:55:22,922:INFO:app.dynamics:KBA: KBA-04681-P0K8M4 : URL: http://sv-vw-ejap:5555/SupportCenter/main.aspx?etc=127&extraqs=%3fetc%3d127%26id%3d%257b6804b58b-33bb-ea11-8826-00505695a183%257d&newWindow=true&pagetype=entityrecord : 更新成功
2025-06-23 18:55:25,130:INFO:app.controller:処理中 (47/2539): KBA: KBA-04683-M5T8K6
2025-06-23 18:55:30,686:INFO:app.dynamics:KBA: KBA-04683-M5T8K6 : URL: http://sv-vw-ejap:5555/SupportCenter/main.aspx?etc=127&extraqs=%3fetc%3d127%26id%3d%257b6c04b58b-33bb-ea11-8826-00505695a183%257d&newWindow=true&pagetype=entityrecord : 更新成功
2025-06-23 18:55:32,896:INFO:app.controller:処理中 (48/2539): KBA: KBA-04684-Q7W7L3
2025-06-23 18:55:38,284:INFO:app.dynamics:KBA: KBA-04684-Q7W7L3 : URL: http://sv-vw-ejap:5555/SupportCenter/main.aspx?etc=127&extraqs=%3fetc%3d127%26id%3d%257b6e04b58b-33bb-ea11-8826-00505695a183%257d&newWindow=true&pagetype=entityrecord : 更新成功
2025-06-23 18:55:40,492:INFO:app.controller:処理中 (49/2539): KBA: KBA-04685-H7J1R4
2025-06-23 18:55:45,852:INFO:app.dynamics:KBA: KBA-04685-H7J1R4 : URL: http://sv-vw-ejap:5555/SupportCenter/main.aspx?etc=127&extraqs=%3fetc%3d127%26id%3d%257b7004b58b-33bb-ea11-8826-00505695a183%257d&newWindow=true&pagetype=entityrecord : 更新成功
2025-06-23 18:55:48,060:INFO:app.controller:処理中 (50/2539): KBA: KBA-04686-W7L6Q6
2025-06-23 18:55:53,468:INFO:app.dynamics:KBA: KBA-04686-W7L6Q6 : URL: http://sv-vw-ejap:5555/SupportCenter/main.aspx?etc=127&extraqs=%3fetc%3d127%26id%3d%257b7204b58b-33bb-ea11-8826-00505695a183%257d&newWindow=true&pagetype=entityrecord : 更新成功
2025-06-23 18:55:55,673:INFO:app.controller:処理中 (51/2539): KBA: KBA-04691-X4L2R7
2025-06-23 18:56:01,025:INFO:app.dynamics:KBA: KBA-04691-X4L2R7 : URL: http://sv-vw-ejap:5555/SupportCenter/main.aspx?etc=127&extraqs=%3fetc%3d127%26id%3d%257b7c04b58b-33bb-ea11-8826-00505695a183%257d&newWindow=true&pagetype=entityrecord : 更新成功
2025-06-23 18:56:03,238:INFO:app.controller:処理中 (52/2539): KBA: KBA-04692-D7T1B2
2025-06-23 18:56:08,587:INFO:app.dynamics:KBA: KBA-04692-D7T1B2 : URL: http://sv-vw-ejap:5555/SupportCenter/main.aspx?etc=127&extraqs=%3fetc%3d127%26id%3d%257b7e04b58b-33bb-ea11-8826-00505695a183%257d&newWindow=true&pagetype=entityrecord : 更新成功
2025-06-23 18:56:10,797:INFO:app.controller:処理中 (53/2539): KBA: KBA-04706-K4M9S5
2025-06-23 18:56:16,219:INFO:app.dynamics:KBA: KBA-04706-K4M9S5 : URL: http://sv-vw-ejap:5555/SupportCenter/main.aspx?etc=127&extraqs=%3fetc%3d127%26id%3d%257b9a04b58b-33bb-ea11-8826-00505695a183%257d&newWindow=true&pagetype=entityrecord : 更新成功
2025-06-23 18:56:18,420:INFO:app.controller:処理中 (54/2539): KBA: KBA-04708-F0S3M6
2025-06-23 18:56:23,760:INFO:app.dynamics:KBA: KBA-04708-F0S3M6 : URL: http://sv-vw-ejap:5555/SupportCenter/main.aspx?etc=127&extraqs=%3fetc%3d127%26id%3d%257b9e04b58b-33bb-ea11-8826-00505695a183%257d&newWindow=true&pagetype=entityrecord : 更新成功
2025-06-23 18:56:25,974:INFO:app.controller:処理中 (55/2539): KBA: KBA-04709-G6Z5R0
2025-06-23 18:56:31,491:INFO:app.dynamics:KBA: KBA-04709-G6Z5R0 : URL: http://sv-vw-ejap:5555/SupportCenter/main.aspx?etc=127&extraqs=%3fetc%3d127%26id%3d%257ba004b58b-33bb-ea11-8826-00505695a183%257d&newWindow=true&pagetype=entityrecord : 更新成功
2025-06-23 18:56:33,782:INFO:app.controller:処理中 (56/2539): KBA: KBA-04723-D4B4F6
2025-06-23 18:56:39,256:INFO:app.dynamics:KBA: KBA-04723-D4B4F6 : URL: http://sv-vw-ejap:5555/SupportCenter/main.aspx?etc=127&extraqs=%3fetc%3d127%26id%3d%257bbc04b58b-33bb-ea11-8826-00505695a183%257d&newWindow=true&pagetype=entityrecord : 更新成功
2025-06-23 18:56:41,477:INFO:app.controller:処理中 (57/2539): KBA: KBA-04738-R2D3Q7
2025-06-23 18:56:47,155:INFO:app.dynamics:KBA: KBA-04738-R2D3Q7 : URL: http://sv-vw-ejap:5555/SupportCenter/main.aspx?etc=127&extraqs=%3fetc%3d127%26id%3d%257bda04b58b-33bb-ea11-8826-00505695a183%257d&newWindow=true&pagetype=entityrecord : 更新成功
2025-06-23 18:56:49,397:INFO:app.controller:処理中 (58/2539): KBA: KBA-04752-J5K8S1
2025-06-23 18:56:54,898:INFO:app.dynamics:KBA: KBA-04752-J5K8S1 : URL: http://sv-vw-ejap:5555/SupportCenter/main.aspx?etc=127&extraqs=%3fetc%3d127%26id%3d%257bf604b58b-33bb-ea11-8826-00505695a183%257d&newWindow=true&pagetype=entityrecord : 更新成功
2025-06-23 18:56:57,118:INFO:app.controller:処理中 (59/2539): KBA: KBA-04753-T5G8S6
2025-06-23 18:57:02,493:INFO:app.dynamics:KBA: KBA-04753-T5G8S6 : URL: http://sv-vw-ejap:5555/SupportCenter/main.aspx?etc=127&extraqs=%3fetc%3d127%26id%3d%257bf804b58b-33bb-ea11-8826-00505695a183%257d&newWindow=true&pagetype=entityrecord : 更新成功
2025-06-23 18:57:04,706:INFO:app.controller:処理中 (60/2539): KBA: KBA-04755-X9W8Y8
2025-06-23 18:57:10,207:INFO:app.dynamics:KBA: KBA-04755-X9W8Y8 : URL: http://sv-vw-ejap:5555/SupportCenter/main.aspx?etc=127&extraqs=%3fetc%3d127%26id%3d%257bfc04b58b-33bb-ea11-8826-00505695a183%257d&newWindow=true&pagetype=entityrecord : 更新成功
2025-06-23 18:57:12,417:INFO:app.controller:処理中 (61/2539): KBA: KBA-04757-B1T0D4
2025-06-23 18:57:17,726:INFO:app.dynamics:KBA: KBA-04757-B1T0D4 : URL: http://sv-vw-ejap:5555/SupportCenter/main.aspx?etc=127&extraqs=%3fetc%3d127%26id%3d%257b0005b58b-33bb-ea11-8826-00505695a183%257d&newWindow=true&pagetype=entityrecord : 更新成功
2025-06-23 18:57:19,971:INFO:app.controller:処理中 (62/2539): KBA: KBA-04759-H1W6K1
2025-06-23 18:57:25,498:INFO:app.dynamics:KBA: KBA-04759-H1W6K1 : URL: http://sv-vw-ejap:5555/SupportCenter/main.aspx?etc=127&extraqs=%3fetc%3d127%26id%3d%257b0405b58b-33bb-ea11-8826-00505695a183%257d&newWindow=true&pagetype=entityrecord : 更新成功
2025-06-23 18:57:27,720:INFO:app.controller:処理中 (63/2539): KBA: KBA-04761-G8L2N9
2025-06-23 18:57:33,152:INFO:app.dynamics:KBA: KBA-04761-G8L2N9 : URL: http://sv-vw-ejap:5555/SupportCenter/main.aspx?etc=127&extraqs=%3fetc%3d127%26id%3d%257b0805b58b-33bb-ea11-8826-00505695a183%257d&newWindow=true&pagetype=entityrecord : 更新成功
2025-06-23 18:57:35,383:INFO:app.controller:処理中 (64/2539): KBA: KBA-04762-Q6R4T0
2025-06-23 18:57:40,759:INFO:app.dynamics:KBA: KBA-04762-Q6R4T0 : URL: http://sv-vw-ejap:5555/SupportCenter/main.aspx?etc=127&extraqs=%3fetc%3d127%26id%3d%257b0a05b58b-33bb-ea11-8826-00505695a183%257d&newWindow=true&pagetype=entityrecord : 更新成功
2025-06-23 18:57:42,972:INFO:app.controller:処理中 (65/2539): KBA: KBA-04765-N4G4J6
2025-06-23 18:57:48,364:INFO:app.dynamics:KBA: KBA-04765-N4G4J6 : URL: http://sv-vw-ejap:5555/SupportCenter/main.aspx?etc=127&extraqs=%3fetc%3d127%26id%3d%257b1005b58b-33bb-ea11-8826-00505695a183%257d&newWindow=true&pagetype=entityrecord : 更新成功
2025-06-23 18:57:50,570:INFO:app.controller:処理中 (66/2539): KBA: KBA-04767-Z4V8Q9
2025-06-23 18:57:55,973:INFO:app.dynamics:KBA: KBA-04767-Z4V8Q9 : URL: http://sv-vw-ejap:5555/SupportCenter/main.aspx?etc=127&extraqs=%3fetc%3d127%26id%3d%257b1405b58b-33bb-ea11-8826-00505695a183%257d&newWindow=true&pagetype=entityrecord : 更新成功
2025-06-23 18:57:58,182:INFO:app.controller:処理中 (67/2539): KBA: KBA-04769-B0F6T9
2025-06-23 18:58:03,561:INFO:app.dynamics:KBA: KBA-04769-B0F6T9 : URL: http://sv-vw-ejap:5555/SupportCenter/main.aspx?etc=127&extraqs=%3fetc%3d127%26id%3d%257b1805b58b-33bb-ea11-8826-00505695a183%257d&newWindow=true&pagetype=entityrecord : 更新成功
2025-06-23 18:58:05,769:INFO:app.controller:処理中 (68/2539): KBA: KBA-04771-Q1F8H6
2025-06-23 18:58:11,082:INFO:app.dynamics:KBA: KBA-04771-Q1F8H6 : URL: http://sv-vw-ejap:5555/SupportCenter/main.aspx?etc=127&extraqs=%3fetc%3d127%26id%3d%257b1c05b58b-33bb-ea11-8826-00505695a183%257d&newWindow=true&pagetype=entityrecord : 更新成功
2025-06-23 18:58:13,342:INFO:app.controller:処理中 (69/2539): KBA: KBA-04777-S7M5V2
2025-06-23 18:58:18,789:INFO:app.dynamics:KBA: KBA-04777-S7M5V2 : URL: http://sv-vw-ejap:5555/SupportCenter/main.aspx?etc=127&extraqs=%3fetc%3d127%26id%3d%257b2805b58b-33bb-ea11-8826-00505695a183%257d&newWindow=true&pagetype=entityrecord : 更新成功
2025-06-23 18:58:21,035:INFO:app.controller:処理中 (70/2539): KBA: KBA-04784-R7L8L2
2025-06-23 18:58:26,419:INFO:app.dynamics:KBA: KBA-04784-R7L8L2 : URL: http://sv-vw-ejap:5555/SupportCenter/main.aspx?etc=127&extraqs=%3fetc%3d127%26id%3d%257b3605b58b-33bb-ea11-8826-00505695a183%257d&newWindow=true&pagetype=entityrecord : 更新成功
2025-06-23 18:58:28,679:INFO:app.controller:処理中 (71/2539): KBA: KBA-04785-W4H2V7
2025-06-23 18:58:34,162:INFO:app.dynamics:KBA: KBA-04785-W4H2V7 : URL: http://sv-vw-ejap:5555/SupportCenter/main.aspx?etc=127&extraqs=%3fetc%3d127%26id%3d%257b3805b58b-33bb-ea11-8826-00505695a183%257d&newWindow=true&pagetype=entityrecord : 更新成功
2025-06-23 18:58:36,431:INFO:app.controller:処理中 (72/2539): KBA: KBA-04788-J9S3S7
2025-06-23 18:58:41,800:INFO:app.dynamics:KBA: KBA-04788-J9S3S7 : URL: http://sv-vw-ejap:5555/SupportCenter/main.aspx?etc=127&extraqs=%3fetc%3d127%26id%3d%257b3e05b58b-33bb-ea11-8826-00505695a183%257d&newWindow=true&pagetype=entityrecord : 更新成功
2025-06-23 18:58:44,063:INFO:app.controller:処理中 (73/2539): KBA: KBA-04789-M9Z3L8
2025-06-23 18:58:49,450:INFO:app.dynamics:KBA: KBA-04789-M9Z3L8 : URL: http://sv-vw-ejap:5555/SupportCenter/main.aspx?etc=127&extraqs=%3fetc%3d127%26id%3d%257b4005b58b-33bb-ea11-8826-00505695a183%257d&newWindow=true&pagetype=entityrecord : 更新成功
2025-06-23 18:58:51,707:INFO:app.controller:処理中 (74/2539): KBA: KBA-04791-G4L8W9
2025-06-23 18:58:57,168:INFO:app.dynamics:KBA: KBA-04791-G4L8W9 : URL: http://sv-vw-ejap:5555/SupportCenter/main.aspx?etc=127&extraqs=%3fetc%3d127%26id%3d%257b4405b58b-33bb-ea11-8826-00505695a183%257d&newWindow=true&pagetype=entityrecord : 更新成功
2025-06-23 18:58:59,444:INFO:app.controller:処理中 (75/2539): KBA: KBA-04800-K6F0L8
2025-06-23 18:59:04,853:INFO:app.dynamics:KBA: KBA-04800-K6F0L8 : URL: http://sv-vw-ejap:5555/SupportCenter/main.aspx?etc=127&extraqs=%3fetc%3d127%26id%3d%257b5605b58b-33bb-ea11-8826-00505695a183%257d&newWindow=true&pagetype=entityrecord : 更新成功
2025-06-23 18:59:07,112:INFO:app.controller:処理中 (76/2539): KBA: KBA-04801-R8C6P7
2025-06-23 18:59:12,619:INFO:app.dynamics:KBA: KBA-04801-R8C6P7 : URL: http://sv-vw-ejap:5555/SupportCenter/main.aspx?etc=127&extraqs=%3fetc%3d127%26id%3d%257b5805b58b-33bb-ea11-8826-00505695a183%257d&newWindow=true&pagetype=entityrecord : 更新成功
2025-06-23 18:59:14,884:INFO:app.controller:処理中 (77/2539): KBA: KBA-04802-P4Z6T5
2025-06-23 18:59:20,283:INFO:app.dynamics:KBA: KBA-04802-P4Z6T5 : URL: http://sv-vw-ejap:5555/SupportCenter/main.aspx?etc=127&extraqs=%3fetc%3d127%26id%3d%257b5a05b58b-33bb-ea11-8826-00505695a183%257d&newWindow=true&pagetype=entityrecord : 更新成功
2025-06-23 18:59:22,588:INFO:app.controller:処理中 (78/2539): KBA: KBA-04811-R5S6P8
2025-06-23 18:59:28,171:INFO:app.dynamics:KBA: KBA-04811-R5S6P8 : URL: http://sv-vw-ejap:5555/SupportCenter/main.aspx?etc=127&extraqs=%3fetc%3d127%26id%3d%257b6c05b58b-33bb-ea11-8826-00505695a183%257d&newWindow=true&pagetype=entityrecord : 更新成功
2025-06-23 18:59:30,470:INFO:app.controller:処理中 (79/2539): KBA: KBA-04826-R8G3H7
2025-06-23 18:59:35,950:INFO:app.dynamics:KBA: KBA-04826-R8G3H7 : URL: http://sv-vw-ejap:5555/SupportCenter/main.aspx?etc=127&extraqs=%3fetc%3d127%26id%3d%257b8a05b58b-33bb-ea11-8826-00505695a183%257d&newWindow=true&pagetype=entityrecord : 更新成功
2025-06-23 18:59:38,192:INFO:app.controller:処理中 (80/2539): KBA: KBA-04842-Y7K5K6
2025-06-23 18:59:43,717:INFO:app.dynamics:KBA: KBA-04842-Y7K5K6 : URL: http://sv-vw-ejap:5555/SupportCenter/main.aspx?etc=127&extraqs=%3fetc%3d127%26id%3d%257baa05b58b-33bb-ea11-8826-00505695a183%257d&newWindow=true&pagetype=entityrecord : 更新成功
2025-06-23 18:59:45,951:INFO:app.controller:処理中 (81/2539): KBA: KBA-04845-M2H4J1
2025-06-23 18:59:51,328:INFO:app.dynamics:KBA: KBA-04845-M2H4J1 : URL: http://sv-vw-ejap:5555/SupportCenter/main.aspx?etc=127&extraqs=%3fetc%3d127%26id%3d%257bb005b58b-33bb-ea11-8826-00505695a183%257d&newWindow=true&pagetype=entityrecord : 更新成功
2025-06-23 18:59:53,600:INFO:app.controller:処理中 (82/2539): KBA: KBA-04850-B1C8N0
2025-06-23 18:59:58,999:INFO:app.dynamics:KBA: KBA-04850-B1C8N0 : URL: http://sv-vw-ejap:5555/SupportCenter/main.aspx?etc=127&extraqs=%3fetc%3d127%26id%3d%257bba05b58b-33bb-ea11-8826-00505695a183%257d&newWindow=true&pagetype=entityrecord : 更新成功
2025-06-23 19:00:01,264:INFO:app.controller:処理中 (83/2539): KBA: KBA-04851-G2R2Y0
2025-06-23 19:00:06,658:INFO:app.dynamics:KBA: KBA-04851-G2R2Y0 : URL: http://sv-vw-ejap:5555/SupportCenter/main.aspx?etc=127&extraqs=%3fetc%3d127%26id%3d%257bbc05b58b-33bb-ea11-8826-00505695a183%257d&newWindow=true&pagetype=entityrecord : 更新成功
2025-06-23 19:00:08,930:INFO:app.controller:処理中 (84/2539): KBA: KBA-04852-L6V9N3
2025-06-23 19:00:14,283:INFO:app.dynamics:KBA: KBA-04852-L6V9N3 : URL: http://sv-vw-ejap:5555/SupportCenter/main.aspx?etc=127&extraqs=%3fetc%3d127%26id%3d%257bbe05b58b-33bb-ea11-8826-00505695a183%257d&newWindow=true&pagetype=entityrecord : 更新成功
2025-06-23 19:00:16,556:INFO:app.controller:処理中 (85/2539): KBA: KBA-04853-X3R6B2
2025-06-23 19:00:21,971:INFO:app.dynamics:KBA: KBA-04853-X3R6B2 : URL: http://sv-vw-ejap:5555/SupportCenter/main.aspx?etc=127&extraqs=%3fetc%3d127%26id%3d%257bc005b58b-33bb-ea11-8826-00505695a183%257d&newWindow=true&pagetype=entityrecord : 更新成功
2025-06-23 19:00:24,225:INFO:app.controller:処理中 (86/2539): KBA: KBA-04855-F2J1H7
2025-06-23 19:00:29,812:INFO:app.dynamics:KBA: KBA-04855-F2J1H7 : URL: http://sv-vw-ejap:5555/SupportCenter/main.aspx?etc=127&extraqs=%3fetc%3d127%26id%3d%257bc405b58b-33bb-ea11-8826-00505695a183%257d&newWindow=true&pagetype=entityrecord : 更新成功
2025-06-23 19:00:32,079:INFO:app.controller:処理中 (87/2539): KBA: KBA-04856-G5D5Z9
2025-06-23 19:00:37,715:INFO:app.dynamics:KBA: KBA-04856-G5D5Z9 : URL: http://sv-vw-ejap:5555/SupportCenter/main.aspx?etc=127&extraqs=%3fetc%3d127%26id%3d%257bc605b58b-33bb-ea11-8826-00505695a183%257d&newWindow=true&pagetype=entityrecord : 更新成功
2025-06-23 19:00:39,961:INFO:app.controller:処理中 (88/2539): KBA: KBA-04858-X6F3V5
2025-06-23 19:00:45,442:INFO:app.dynamics:KBA: KBA-04858-X6F3V5 : URL: http://sv-vw-ejap:5555/SupportCenter/main.aspx?etc=127&extraqs=%3fetc%3d127%26id%3d%257bca05b58b-33bb-ea11-8826-00505695a183%257d&newWindow=true&pagetype=entityrecord : 更新成功
2025-06-23 19:00:47,701:INFO:app.controller:処理中 (89/2539): KBA: KBA-04864-Z7P1Y4
2025-06-23 19:00:53,026:INFO:app.dynamics:KBA: KBA-04864-Z7P1Y4 : URL: http://sv-vw-ejap:5555/SupportCenter/main.aspx?etc=127&extraqs=%3fetc%3d127%26id%3d%257bd605b58b-33bb-ea11-8826-00505695a183%257d&newWindow=true&pagetype=entityrecord : 更新成功
2025-06-23 19:00:55,274:INFO:app.controller:処理中 (90/2539): KBA: KBA-04866-W6G5L3
2025-06-23 19:01:00,658:INFO:app.dynamics:KBA: KBA-04866-W6G5L3 : URL: http://sv-vw-ejap:5555/SupportCenter/main.aspx?etc=127&extraqs=%3fetc%3d127%26id%3d%257bda05b58b-33bb-ea11-8826-00505695a183%257d&newWindow=true&pagetype=entityrecord : 更新成功
2025-06-23 19:01:02,905:INFO:app.controller:処理中 (91/2539): KBA: KBA-04867-L9D2V0
2025-06-23 19:01:08,265:INFO:app.dynamics:KBA: KBA-04867-L9D2V0 : URL: http://sv-vw-ejap:5555/SupportCenter/main.aspx?etc=127&extraqs=%3fetc%3d127%26id%3d%257bdc05b58b-33bb-ea11-8826-00505695a183%257d&newWindow=true&pagetype=entityrecord : 更新成功
2025-06-23 19:01:10,502:INFO:app.controller:処理中 (92/2539): KBA: KBA-04868-M2Z6S9
2025-06-23 19:01:15,866:INFO:app.dynamics:KBA: KBA-04868-M2Z6S9 : URL: http://sv-vw-ejap:5555/SupportCenter/main.aspx?etc=127&extraqs=%3fetc%3d127%26id%3d%257bde05b58b-33bb-ea11-8826-00505695a183%257d&newWindow=true&pagetype=entityrecord : 更新成功
2025-06-23 19:01:18,112:INFO:app.controller:処理中 (93/2539): KBA: KBA-04869-M7N1H5
2025-06-23 19:01:23,531:INFO:app.dynamics:KBA: KBA-04869-M7N1H5 : URL: http://sv-vw-ejap:5555/SupportCenter/main.aspx?etc=127&extraqs=%3fetc%3d127%26id%3d%257be005b58b-33bb-ea11-8826-00505695a183%257d&newWindow=true&pagetype=entityrecord : 更新成功
2025-06-23 19:01:25,790:INFO:app.controller:処理中 (94/2539): KBA: KBA-04870-Z2F4B4
2025-06-23 19:01:31,345:INFO:app.dynamics:KBA: KBA-04870-Z2F4B4 : URL: http://sv-vw-ejap:5555/SupportCenter/main.aspx?etc=127&extraqs=%3fetc%3d127%26id%3d%257be205b58b-33bb-ea11-8826-00505695a183%257d&newWindow=true&pagetype=entityrecord : 更新成功
2025-06-23 19:01:33,587:INFO:app.controller:処理中 (95/2539): KBA: KBA-04880-D1K8R1
2025-06-23 19:01:39,113:INFO:app.dynamics:KBA: KBA-04880-D1K8R1 : URL: http://sv-vw-ejap:5555/SupportCenter/main.aspx?etc=127&extraqs=%3fetc%3d127%26id%3d%257bf605b58b-33bb-ea11-8826-00505695a183%257d&newWindow=true&pagetype=entityrecord : 更新成功
2025-06-23 19:01:41,378:INFO:app.controller:処理中 (96/2539): KBA: KBA-04881-T4Z2H6
2025-06-23 19:01:46,658:INFO:app.dynamics:KBA: KBA-04881-T4Z2H6 : URL: http://sv-vw-ejap:5555/SupportCenter/main.aspx?etc=127&extraqs=%3fetc%3d127%26id%3d%257bf805b58b-33bb-ea11-8826-00505695a183%257d&newWindow=true&pagetype=entityrecord : 更新成功
2025-06-23 19:01:48,893:INFO:app.controller:処理中 (97/2539): KBA: KBA-04884-R8R6X6
2025-06-23 19:01:54,267:INFO:app.dynamics:KBA: KBA-04884-R8R6X6 : URL: http://sv-vw-ejap:5555/SupportCenter/main.aspx?etc=127&extraqs=%3fetc%3d127%26id%3d%257bfe05b58b-33bb-ea11-8826-00505695a183%257d&newWindow=true&pagetype=entityrecord : 更新成功
2025-06-23 19:01:56,503:INFO:app.controller:処理中 (98/2539): KBA: KBA-04885-N4N2R4
2025-06-23 19:02:01,890:INFO:app.dynamics:KBA: KBA-04885-N4N2R4 : URL: http://sv-vw-ejap:5555/SupportCenter/main.aspx?etc=127&extraqs=%3fetc%3d127%26id%3d%257b0006b58b-33bb-ea11-8826-00505695a183%257d&newWindow=true&pagetype=entityrecord : 更新成功
2025-06-23 19:02:04,128:INFO:app.controller:処理中 (99/2539): KBA: KBA-04886-W6J1S4
2025-06-23 19:02:09,596:INFO:app.dynamics:KBA: KBA-04886-W6J1S4 : URL: http://sv-vw-ejap:5555/SupportCenter/main.aspx?etc=127&extraqs=%3fetc%3d127%26id%3d%257b0206b58b-33bb-ea11-8826-00505695a183%257d&newWindow=true&pagetype=entityrecord : 更新成功
2025-06-23 19:02:11,863:INFO:app.controller:処理中 (100/2539): KBA: KBA-04916-W4Z6V0
2025-06-23 19:02:17,194:INFO:app.dynamics:KBA: KBA-04916-W4Z6V0 : URL: http://sv-vw-ejap:5555/SupportCenter/main.aspx?etc=127&extraqs=%3fetc%3d127%26id%3d%257b3e06b58b-33bb-ea11-8826-00505695a183%257d&newWindow=true&pagetype=entityrecord : 更新成功
2025-06-23 19:02:19,463:INFO:app.controller:処理中 (101/2539): KBA: KBA-04918-Y8Y1B6
2025-06-23 19:02:24,881:INFO:app.dynamics:KBA: KBA-04918-Y8Y1B6 : URL: http://sv-vw-ejap:5555/SupportCenter/main.aspx?etc=127&extraqs=%3fetc%3d127%26id%3d%257b4206b58b-33bb-ea11-8826-00505695a183%257d&newWindow=true&pagetype=entityrecord : 更新成功
2025-06-23 19:02:27,099:INFO:app.controller:処理中 (102/2539): KBA: KBA-04948-D4H3R7
2025-06-23 19:02:32,465:INFO:app.dynamics:KBA: KBA-04948-D4H3R7 : URL: http://sv-vw-ejap:5555/SupportCenter/main.aspx?etc=127&extraqs=%3fetc%3d127%26id%3d%257b7e06b58b-33bb-ea11-8826-00505695a183%257d&newWindow=true&pagetype=entityrecord : 更新成功
2025-06-23 19:02:34,668:INFO:app.controller:処理中 (103/2539): KBA: KBA-04955-V8D7P8
2025-06-23 19:02:39,994:INFO:app.dynamics:KBA: KBA-04955-V8D7P8 : URL: http://sv-vw-ejap:5555/SupportCenter/main.aspx?etc=127&extraqs=%3fetc%3d127%26id%3d%257b8c06b58b-33bb-ea11-8826-00505695a183%257d&newWindow=true&pagetype=entityrecord : 更新成功
2025-06-23 19:02:42,209:INFO:app.controller:処理中 (104/2539): KBA: KBA-04958-M2C9G4
2025-06-23 19:02:47,611:INFO:app.dynamics:KBA: KBA-04958-M2C9G4 : URL: http://sv-vw-ejap:5555/SupportCenter/main.aspx?etc=127&extraqs=%3fetc%3d127%26id%3d%257b9206b58b-33bb-ea11-8826-00505695a183%257d&newWindow=true&pagetype=entityrecord : 更新成功
2025-06-23 19:02:49,853:INFO:app.controller:処理中 (105/2539): KBA: KBA-04959-D7X9R9
2025-06-23 19:02:55,158:INFO:app.dynamics:KBA: KBA-04959-D7X9R9 : URL: http://sv-vw-ejap:5555/SupportCenter/main.aspx?etc=127&extraqs=%3fetc%3d127%26id%3d%257b9406b58b-33bb-ea11-8826-00505695a183%257d&newWindow=true&pagetype=entityrecord : 更新成功
2025-06-23 19:02:57,424:INFO:app.controller:処理中 (106/2539): KBA: KBA-04968-N4N0R6
2025-06-23 19:03:02,766:INFO:app.dynamics:KBA: KBA-04968-N4N0R6 : URL: http://sv-vw-ejap:5555/SupportCenter/main.aspx?etc=127&extraqs=%3fetc%3d127%26id%3d%257ba606b58b-33bb-ea11-8826-00505695a183%257d&newWindow=true&pagetype=entityrecord : 更新成功
2025-06-23 19:03:04,987:INFO:app.controller:処理中 (107/2539): KBA: KBA-04974-F3T2Y0
2025-06-23 19:03:10,435:INFO:app.dynamics:KBA: KBA-04974-F3T2Y0 : URL: http://sv-vw-ejap:5555/SupportCenter/main.aspx?etc=127&extraqs=%3fetc%3d127%26id%3d%257bb206b58b-33bb-ea11-8826-00505695a183%257d&newWindow=true&pagetype=entityrecord : 更新成功
2025-06-23 19:03:12,675:INFO:app.controller:処理中 (108/2539): KBA: KBA-04977-Q9F3S5
2025-06-23 19:03:17,944:INFO:app.dynamics:KBA: KBA-04977-Q9F3S5 : URL: http://sv-vw-ejap:5555/SupportCenter/main.aspx?etc=127&extraqs=%3fetc%3d127%26id%3d%257bb806b58b-33bb-ea11-8826-00505695a183%257d&newWindow=true&pagetype=entityrecord : 更新成功
2025-06-23 19:03:20,179:INFO:app.controller:処理中 (109/2539): KBA: KBA-04978-G1Q1B1
2025-06-23 19:03:25,618:INFO:app.dynamics:KBA: KBA-04978-G1Q1B1 : URL: http://sv-vw-ejap:5555/SupportCenter/main.aspx?etc=127&extraqs=%3fetc%3d127%26id%3d%257bba06b58b-33bb-ea11-8826-00505695a183%257d&newWindow=true&pagetype=entityrecord : 更新成功
2025-06-23 19:03:27,903:INFO:app.controller:処理中 (110/2539): KBA: KBA-04981-T8D5F6
2025-06-23 19:03:33,273:INFO:app.dynamics:KBA: KBA-04981-T8D5F6 : URL: http://sv-vw-ejap:5555/SupportCenter/main.aspx?etc=127&extraqs=%3fetc%3d127%26id%3d%257bc006b58b-33bb-ea11-8826-00505695a183%257d&newWindow=true&pagetype=entityrecord : 更新成功
2025-06-23 19:03:35,515:INFO:app.controller:処理中 (111/2539): KBA: KBA-04986-D2H1D2
2025-06-23 19:03:40,875:INFO:app.dynamics:KBA: KBA-04986-D2H1D2 : URL: http://sv-vw-ejap:5555/SupportCenter/main.aspx?etc=127&extraqs=%3fetc%3d127%26id%3d%257bca06b58b-33bb-ea11-8826-00505695a183%257d&newWindow=true&pagetype=entityrecord : 更新成功
2025-06-23 19:03:43,128:INFO:app.controller:処理中 (112/2539): KBA: KBA-04990-F3Z1Q5
2025-06-23 19:03:48,442:INFO:app.dynamics:KBA: KBA-04990-F3Z1Q5 : URL: http://sv-vw-ejap:5555/SupportCenter/main.aspx?etc=127&extraqs=%3fetc%3d127%26id%3d%257bd206b58b-33bb-ea11-8826-00505695a183%257d&newWindow=true&pagetype=entityrecord : 更新成功
2025-06-23 19:03:50,700:INFO:app.controller:処理中 (113/2539): KBA: KBA-04991-T4B0Q4
2025-06-23 19:03:56,121:INFO:app.dynamics:KBA: KBA-04991-T4B0Q4 : URL: http://sv-vw-ejap:5555/SupportCenter/main.aspx?etc=127&extraqs=%3fetc%3d127%26id%3d%257bd406b58b-33bb-ea11-8826-00505695a183%257d&newWindow=true&pagetype=entityrecord : 更新成功
2025-06-23 19:03:58,379:INFO:app.controller:処理中 (114/2539): KBA: KBA-05004-C3G6Q2
2025-06-23 19:04:03,913:INFO:app.dynamics:KBA: KBA-05004-C3G6Q2 : URL: http://sv-vw-ejap:5555/SupportCenter/main.aspx?etc=127&extraqs=%3fetc%3d127%26id%3d%257bee06b58b-33bb-ea11-8826-00505695a183%257d&newWindow=true&pagetype=entityrecord : 更新成功
2025-06-23 19:04:06,180:INFO:app.controller:処理中 (115/2539): KBA: KBA-05007-Y3Q5P8
2025-06-23 19:04:11,484:INFO:app.dynamics:KBA: KBA-05007-Y3Q5P8 : URL: http://sv-vw-ejap:5555/SupportCenter/main.aspx?etc=127&extraqs=%3fetc%3d127%26id%3d%257bf406b58b-33bb-ea11-8826-00505695a183%257d&newWindow=true&pagetype=entityrecord : 更新成功
2025-06-23 19:04:13,832:INFO:app.controller:処理中 (116/2539): KBA: KBA-05010-Y1F3K1
2025-06-23 19:04:19,178:INFO:app.dynamics:KBA: KBA-05010-Y1F3K1 : URL: http://sv-vw-ejap:5555/SupportCenter/main.aspx?etc=127&extraqs=%3fetc%3d127%26id%3d%257bfa06b58b-33bb-ea11-8826-00505695a183%257d&newWindow=true&pagetype=entityrecord : 更新成功
2025-06-23 19:04:21,406:INFO:app.controller:処理中 (117/2539): KBA: KBA-05013-Q7V6R4
2025-06-23 19:04:26,709:INFO:app.dynamics:KBA: KBA-05013-Q7V6R4 : URL: http://sv-vw-ejap:5555/SupportCenter/main.aspx?etc=127&extraqs=%3fetc%3d127%26id%3d%257b0007b58b-33bb-ea11-8826-00505695a183%257d&newWindow=true&pagetype=entityrecord : 更新成功
2025-06-23 19:04:28,932:INFO:app.controller:処理中 (118/2539): KBA: KBA-05016-S4W0J4
2025-06-23 19:04:34,240:INFO:app.dynamics:KBA: KBA-05016-S4W0J4 : URL: http://sv-vw-ejap:5555/SupportCenter/main.aspx?etc=127&extraqs=%3fetc%3d127%26id%3d%257b0607b58b-33bb-ea11-8826-00505695a183%257d&newWindow=true&pagetype=entityrecord : 更新成功
2025-06-23 19:04:36,467:INFO:app.controller:処理中 (119/2539): KBA: KBA-05020-Y5L1G1
2025-06-23 19:04:41,808:INFO:app.dynamics:KBA: KBA-05020-Y5L1G1 : URL: http://sv-vw-ejap:5555/SupportCenter/main.aspx?etc=127&extraqs=%3fetc%3d127%26id%3d%257b0e07b58b-33bb-ea11-8826-00505695a183%257d&newWindow=true&pagetype=entityrecord : 更新成功
2025-06-23 19:04:44,022:INFO:app.controller:処理中 (120/2539): KBA: KBA-05032-D5X5L0
2025-06-23 19:04:49,362:INFO:app.dynamics:KBA: KBA-05032-D5X5L0 : URL: http://sv-vw-ejap:5555/SupportCenter/main.aspx?etc=127&extraqs=%3fetc%3d127%26id%3d%257b2607b58b-33bb-ea11-8826-00505695a183%257d&newWindow=true&pagetype=entityrecord : 更新成功
2025-06-23 19:04:51,576:INFO:app.controller:処理中 (121/2539): KBA: KBA-05042-X2N7K9
2025-06-23 19:04:56,850:INFO:app.dynamics:KBA: KBA-05042-X2N7K9 : URL: http://sv-vw-ejap:5555/SupportCenter/main.aspx?etc=127&extraqs=%3fetc%3d127%26id%3d%257b3a07b58b-33bb-ea11-8826-00505695a183%257d&newWindow=true&pagetype=entityrecord : 更新成功
2025-06-23 19:04:59,085:INFO:app.controller:処理中 (122/2539): KBA: KBA-05051-P8J2C0
2025-06-23 19:05:04,471:INFO:app.dynamics:KBA: KBA-05051-P8J2C0 : URL: http://sv-vw-ejap:5555/SupportCenter/main.aspx?etc=127&extraqs=%3fetc%3d127%26id%3d%257b4c07b58b-33bb-ea11-8826-00505695a183%257d&newWindow=true&pagetype=entityrecord : 更新成功
2025-06-23 19:05:06,696:INFO:app.controller:処理中 (123/2539): KBA: KBA-05052-N1Z0Z5
2025-06-23 19:05:12,035:INFO:app.dynamics:KBA: KBA-05052-N1Z0Z5 : URL: http://sv-vw-ejap:5555/SupportCenter/main.aspx?etc=127&extraqs=%3fetc%3d127%26id%3d%257b4e07b58b-33bb-ea11-8826-00505695a183%257d&newWindow=true&pagetype=entityrecord : 更新成功
2025-06-23 19:05:14,242:INFO:app.controller:処理中 (124/2539): KBA: KBA-05054-G0Y1Q3
2025-06-23 19:05:19,602:INFO:app.dynamics:KBA: KBA-05054-G0Y1Q3 : URL: http://sv-vw-ejap:5555/SupportCenter/main.aspx?etc=127&extraqs=%3fetc%3d127%26id%3d%257b5207b58b-33bb-ea11-8826-00505695a183%257d&newWindow=true&pagetype=entityrecord : 更新成功
2025-06-23 19:05:21,875:INFO:app.controller:処理中 (125/2539): KBA: KBA-05055-C4T3H2
2025-06-23 19:05:27,164:INFO:app.dynamics:KBA: KBA-05055-C4T3H2 : URL: http://sv-vw-ejap:5555/SupportCenter/main.aspx?etc=127&extraqs=%3fetc%3d127%26id%3d%257b5407b58b-33bb-ea11-8826-00505695a183%257d&newWindow=true&pagetype=entityrecord : 更新成功
2025-06-23 19:05:29,365:INFO:app.controller:処理中 (126/2539): KBA: KBA-05066-K5X4P5
2025-06-23 19:05:34,714:INFO:app.dynamics:KBA: KBA-05066-K5X4P5 : URL: http://sv-vw-ejap:5555/SupportCenter/main.aspx?etc=127&extraqs=%3fetc%3d127%26id%3d%257b6a07b58b-33bb-ea11-8826-00505695a183%257d&newWindow=true&pagetype=entityrecord : 更新成功
2025-06-23 19:05:36,911:INFO:app.controller:処理中 (127/2539): KBA: KBA-05068-H4Z9Y6
2025-06-23 19:05:42,257:INFO:app.dynamics:KBA: KBA-05068-H4Z9Y6 : URL: http://sv-vw-ejap:5555/SupportCenter/main.aspx?etc=127&extraqs=%3fetc%3d127%26id%3d%257b6e07b58b-33bb-ea11-8826-00505695a183%257d&newWindow=true&pagetype=entityrecord : 更新成功
2025-06-23 19:05:44,512:INFO:app.controller:処理中 (128/2539): KBA: KBA-05076-D0S2N6
2025-06-23 19:05:49,992:INFO:app.dynamics:KBA: KBA-05076-D0S2N6 : URL: http://sv-vw-ejap:5555/SupportCenter/main.aspx?etc=127&extraqs=%3fetc%3d127%26id%3d%257b7e07b58b-33bb-ea11-8826-00505695a183%257d&newWindow=true&pagetype=entityrecord : 更新成功
2025-06-23 19:05:52,210:INFO:app.controller:処理中 (129/2539): KBA: KBA-05079-L7Q8V7
2025-06-23 19:05:57,544:INFO:app.dynamics:KBA: KBA-05079-L7Q8V7 : URL: http://sv-vw-ejap:5555/SupportCenter/main.aspx?etc=127&extraqs=%3fetc%3d127%26id%3d%257b8407b58b-33bb-ea11-8826-00505695a183%257d&newWindow=true&pagetype=entityrecord : 更新成功
2025-06-23 19:05:59,760:INFO:app.controller:処理中 (130/2539): KBA: KBA-05081-D5N6S1
2025-06-23 19:06:05,043:INFO:app.dynamics:KBA: KBA-05081-D5N6S1 : URL: http://sv-vw-ejap:5555/SupportCenter/main.aspx?etc=127&extraqs=%3fetc%3d127%26id%3d%257b8807b58b-33bb-ea11-8826-00505695a183%257d&newWindow=true&pagetype=entityrecord : 更新成功
2025-06-23 19:06:07,267:INFO:app.controller:処理中 (131/2539): KBA: KBA-05101-M1C0Q6
2025-06-23 19:06:12,562:INFO:app.dynamics:KBA: KBA-05101-M1C0Q6 : URL: http://sv-vw-ejap:5555/SupportCenter/main.aspx?etc=127&extraqs=%3fetc%3d127%26id%3d%257bb007b58b-33bb-ea11-8826-00505695a183%257d&newWindow=true&pagetype=entityrecord : 更新成功
2025-06-23 19:06:14,769:INFO:app.controller:処理中 (132/2539): KBA: KBA-05102-C9K9H3
2025-06-23 19:06:20,295:INFO:app.dynamics:KBA: KBA-05102-C9K9H3 : URL: http://sv-vw-ejap:5555/SupportCenter/main.aspx?etc=127&extraqs=%3fetc%3d127%26id%3d%257bb207b58b-33bb-ea11-8826-00505695a183%257d&newWindow=true&pagetype=entityrecord : 更新成功
2025-06-23 19:06:22,530:INFO:app.controller:処理中 (133/2539): KBA: KBA-05103-T2T0B5
2025-06-23 19:06:27,872:INFO:app.dynamics:KBA: KBA-05103-T2T0B5 : URL: http://sv-vw-ejap:5555/SupportCenter/main.aspx?etc=127&extraqs=%3fetc%3d127%26id%3d%257bb407b58b-33bb-ea11-8826-00505695a183%257d&newWindow=true&pagetype=entityrecord : 更新成功
2025-06-23 19:06:30,065:INFO:app.controller:処理中 (134/2539): KBA: KBA-05104-M3M8N9
2025-06-23 19:06:35,544:INFO:app.dynamics:KBA: KBA-05104-M3M8N9 : URL: http://sv-vw-ejap:5555/SupportCenter/main.aspx?etc=127&extraqs=%3fetc%3d127%26id%3d%257bb607b58b-33bb-ea11-8826-00505695a183%257d&newWindow=true&pagetype=entityrecord : 更新成功
2025-06-23 19:06:37,759:INFO:app.controller:処理中 (135/2539): KBA: KBA-05105-Q5M0C0
2025-06-23 19:06:43,259:INFO:app.dynamics:KBA: KBA-05105-Q5M0C0 : URL: http://sv-vw-ejap:5555/SupportCenter/main.aspx?etc=127&extraqs=%3fetc%3d127%26id%3d%257bb807b58b-33bb-ea11-8826-00505695a183%257d&newWindow=true&pagetype=entityrecord : 更新成功
2025-06-23 19:06:45,501:INFO:app.controller:処理中 (136/2539): KBA: KBA-05107-D7N7T4
2025-06-23 19:06:51,163:INFO:app.dynamics:KBA: KBA-05107-D7N7T4 : URL: http://sv-vw-ejap:5555/SupportCenter/main.aspx?etc=127&extraqs=%3fetc%3d127%26id%3d%257bbc07b58b-33bb-ea11-8826-00505695a183%257d&newWindow=true&pagetype=entityrecord : 更新成功
2025-06-23 19:06:53,380:INFO:app.controller:処理中 (137/2539): KBA: KBA-05108-N3K4L5
2025-06-23 19:06:58,670:INFO:app.dynamics:KBA: KBA-05108-N3K4L5 : URL: http://sv-vw-ejap:5555/SupportCenter/main.aspx?etc=127&extraqs=%3fetc%3d127%26id%3d%257bbe07b58b-33bb-ea11-8826-00505695a183%257d&newWindow=true&pagetype=entityrecord : 更新成功
2025-06-23 19:07:00,878:INFO:app.controller:処理中 (138/2539): KBA: KBA-05114-N5G9C9
2025-06-23 19:07:06,296:INFO:app.dynamics:KBA: KBA-05114-N5G9C9 : URL: http://sv-vw-ejap:5555/SupportCenter/main.aspx?etc=127&extraqs=%3fetc%3d127%26id%3d%257bca07b58b-33bb-ea11-8826-00505695a183%257d&newWindow=true&pagetype=entityrecord : 更新成功
2025-06-23 19:07:08,522:INFO:app.controller:処理中 (139/2539): KBA: KBA-05116-Q1M1Y2
2025-06-23 19:07:13,864:INFO:app.dynamics:KBA: KBA-05116-Q1M1Y2 : URL: http://sv-vw-ejap:5555/SupportCenter/main.aspx?etc=127&extraqs=%3fetc%3d127%26id%3d%257bce07b58b-33bb-ea11-8826-00505695a183%257d&newWindow=true&pagetype=entityrecord : 更新成功
2025-06-23 19:07:16,075:INFO:app.controller:処理中 (140/2539): KBA: KBA-05117-D0J3Q1
2025-06-23 19:07:21,576:INFO:app.dynamics:KBA: KBA-05117-D0J3Q1 : URL: http://sv-vw-ejap:5555/SupportCenter/main.aspx?etc=127&extraqs=%3fetc%3d127%26id%3d%257bd007b58b-33bb-ea11-8826-00505695a183%257d&newWindow=true&pagetype=entityrecord : 更新成功
2025-06-23 19:07:23,794:INFO:app.controller:処理中 (141/2539): KBA: KBA-05119-F8Y1H3
2025-06-23 19:07:29,158:INFO:app.dynamics:KBA: KBA-05119-F8Y1H3 : URL: http://sv-vw-ejap:5555/SupportCenter/main.aspx?etc=127&extraqs=%3fetc%3d127%26id%3d%257bd407b58b-33bb-ea11-8826-00505695a183%257d&newWindow=true&pagetype=entityrecord : 更新成功
2025-06-23 19:07:31,367:INFO:app.controller:処理中 (142/2539): KBA: KBA-05121-J1Q5V6
2025-06-23 19:07:36,754:INFO:app.dynamics:KBA: KBA-05121-J1Q5V6 : URL: http://sv-vw-ejap:5555/SupportCenter/main.aspx?etc=127&extraqs=%3fetc%3d127%26id%3d%257bd807b58b-33bb-ea11-8826-00505695a183%257d&newWindow=true&pagetype=entityrecord : 更新成功
2025-06-23 19:07:38,960:INFO:app.controller:処理中 (143/2539): KBA: KBA-05133-S0S8X6
2025-06-23 19:07:44,286:INFO:app.dynamics:KBA: KBA-05133-S0S8X6 : URL: http://sv-vw-ejap:5555/SupportCenter/main.aspx?etc=127&extraqs=%3fetc%3d127%26id%3d%257bf007b58b-33bb-ea11-8826-00505695a183%257d&newWindow=true&pagetype=entityrecord : 更新成功
2025-06-23 19:07:46,521:INFO:app.controller:処理中 (144/2539): KBA: KBA-05134-P5G1S9
2025-06-23 19:07:51,827:INFO:app.dynamics:KBA: KBA-05134-P5G1S9 : URL: http://sv-vw-ejap:5555/SupportCenter/main.aspx?etc=127&extraqs=%3fetc%3d127%26id%3d%257bf207b58b-33bb-ea11-8826-00505695a183%257d&newWindow=true&pagetype=entityrecord : 更新成功
2025-06-23 19:07:54,025:INFO:app.controller:処理中 (145/2539): KBA: KBA-05137-R8Y7V1
2025-06-23 19:07:59,355:INFO:app.dynamics:KBA: KBA-05137-R8Y7V1 : URL: http://sv-vw-ejap:5555/SupportCenter/main.aspx?etc=127&extraqs=%3fetc%3d127%26id%3d%257bf807b58b-33bb-ea11-8826-00505695a183%257d&newWindow=true&pagetype=entityrecord : 更新成功
2025-06-23 19:08:01,576:INFO:app.controller:処理中 (146/2539): KBA: KBA-05150-Z7P7W7
2025-06-23 19:08:06,956:INFO:app.dynamics:KBA: KBA-05150-Z7P7W7 : URL: http://sv-vw-ejap:5555/SupportCenter/main.aspx?etc=127&extraqs=%3fetc%3d127%26id%3d%257b1208b58b-33bb-ea11-8826-00505695a183%257d&newWindow=true&pagetype=entityrecord : 更新成功
2025-06-23 19:08:09,182:INFO:app.controller:処理中 (147/2539): KBA: KBA-05153-D6J2M8
2025-06-23 19:08:14,542:INFO:app.dynamics:KBA: KBA-05153-D6J2M8 : URL: http://sv-vw-ejap:5555/SupportCenter/main.aspx?etc=127&extraqs=%3fetc%3d127%26id%3d%257b1808b58b-33bb-ea11-8826-00505695a183%257d&newWindow=true&pagetype=entityrecord : 更新成功
2025-06-23 19:08:16,761:INFO:app.controller:処理中 (148/2539): KBA: KBA-05156-H9N4G8
2025-06-23 19:08:22,204:INFO:app.dynamics:KBA: KBA-05156-H9N4G8 : URL: http://sv-vw-ejap:5555/SupportCenter/main.aspx?etc=127&extraqs=%3fetc%3d127%26id%3d%257b1e08b58b-33bb-ea11-8826-00505695a183%257d&newWindow=true&pagetype=entityrecord : 更新成功
2025-06-23 19:08:24,417:INFO:app.controller:処理中 (149/2539): KBA: KBA-05157-T7X7L4
2025-06-23 19:08:30,167:INFO:app.dynamics:KBA: KBA-05157-T7X7L4 : URL: http://sv-vw-ejap:5555/SupportCenter/main.aspx?etc=127&extraqs=%3fetc%3d127%26id%3d%257b2008b58b-33bb-ea11-8826-00505695a183%257d&newWindow=true&pagetype=entityrecord : 更新成功
2025-06-23 19:08:32,365:INFO:app.controller:処理中 (150/2539): KBA: KBA-05162-H5F9X3
2025-06-23 19:08:38,011:INFO:app.dynamics:KBA: KBA-05162-H5F9X3 : URL: http://sv-vw-ejap:5555/SupportCenter/main.aspx?etc=127&extraqs=%3fetc%3d127%26id%3d%257b2a08b58b-33bb-ea11-8826-00505695a183%257d&newWindow=true&pagetype=entityrecord : 更新成功
2025-06-23 19:08:40,231:INFO:app.controller:処理中 (151/2539): KBA: KBA-05166-Q5F2P0
2025-06-23 19:08:46,069:INFO:app.dynamics:KBA: KBA-05166-Q5F2P0 : URL: http://sv-vw-ejap:5555/SupportCenter/main.aspx?etc=127&extraqs=%3fetc%3d127%26id%3d%257b3208b58b-33bb-ea11-8826-00505695a183%257d&newWindow=true&pagetype=entityrecord : 更新成功
2025-06-23 19:08:48,310:INFO:app.controller:処理中 (152/2539): KBA: KBA-05167-R5X7H6
2025-06-23 19:08:53,805:INFO:app.dynamics:KBA: KBA-05167-R5X7H6 : URL: http://sv-vw-ejap:5555/SupportCenter/main.aspx?etc=127&extraqs=%3fetc%3d127%26id%3d%257b3408b58b-33bb-ea11-8826-00505695a183%257d&newWindow=true&pagetype=entityrecord : 更新成功
2025-06-23 19:08:56,033:INFO:app.controller:処理中 (153/2539): KBA: KBA-05168-Z9F5K4
2025-06-23 19:09:01,744:INFO:app.dynamics:KBA: KBA-05168-Z9F5K4 : URL: http://sv-vw-ejap:5555/SupportCenter/main.aspx?etc=127&extraqs=%3fetc%3d127%26id%3d%257b3608b58b-33bb-ea11-8826-00505695a183%257d&newWindow=true&pagetype=entityrecord : 更新成功
2025-06-23 19:09:03,960:INFO:app.controller:処理中 (154/2539): KBA: KBA-05169-W6Y6B8
2025-06-23 19:09:09,426:INFO:app.dynamics:KBA: KBA-05169-W6Y6B8 : URL: http://sv-vw-ejap:5555/SupportCenter/main.aspx?etc=127&extraqs=%3fetc%3d127%26id%3d%257b3808b58b-33bb-ea11-8826-00505695a183%257d&newWindow=true&pagetype=entityrecord : 更新成功
2025-06-23 19:09:11,662:INFO:app.controller:処理中 (155/2539): KBA: KBA-05170-Y4Z1L7
2025-06-23 19:09:17,047:INFO:app.dynamics:KBA: KBA-05170-Y4Z1L7 : URL: http://sv-vw-ejap:5555/SupportCenter/main.aspx?etc=127&extraqs=%3fetc%3d127%26id%3d%257b3a08b58b-33bb-ea11-8826-00505695a183%257d&newWindow=true&pagetype=entityrecord : 更新成功
2025-06-23 19:09:19,285:INFO:app.controller:処理中 (156/2539): KBA: KBA-05196-H1G9D8
2025-06-23 19:09:24,646:INFO:app.dynamics:KBA: KBA-05196-H1G9D8 : URL: http://sv-vw-ejap:5555/SupportCenter/main.aspx?etc=127&extraqs=%3fetc%3d127%26id%3d%257b6e08b58b-33bb-ea11-8826-00505695a183%257d&newWindow=true&pagetype=entityrecord : 更新成功
2025-06-23 19:09:26,863:INFO:app.controller:処理中 (157/2539): KBA: KBA-05222-X9Q8P8
2025-06-23 19:09:32,834:INFO:app.dynamics:KBA: KBA-05222-X9Q8P8 : URL: http://sv-vw-ejap:5555/SupportCenter/main.aspx?etc=127&extraqs=%3fetc%3d127%26id%3d%257ba208b58b-33bb-ea11-8826-00505695a183%257d&newWindow=true&pagetype=entityrecord : 更新成功
2025-06-23 19:09:35,157:INFO:app.controller:処理中 (158/2539): KBA: KBA-05227-D1R7R4
2025-06-23 19:09:41,231:INFO:app.dynamics:KBA: KBA-05227-D1R7R4 : URL: http://sv-vw-ejap:5555/SupportCenter/main.aspx?etc=127&extraqs=%3fetc%3d127%26id%3d%257bac08b58b-33bb-ea11-8826-00505695a183%257d&newWindow=true&pagetype=entityrecord : 更新成功
2025-06-23 19:09:43,543:INFO:app.controller:処理中 (159/2539): KBA: KBA-05228-F5S7W2
2025-06-23 19:09:48,746:INFO:app.dynamics:KBA: KBA-05228-F5S7W2 : URL: http://sv-vw-ejap:5555/SupportCenter/main.aspx?etc=127&extraqs=%3fetc%3d127%26id%3d%257bae08b58b-33bb-ea11-8826-00505695a183%257d&newWindow=true&pagetype=entityrecord : 更新成功
2025-06-23 19:09:50,967:INFO:app.controller:処理中 (160/2539): KBA: KBA-05234-Y5J7V8
2025-06-23 19:09:56,248:INFO:app.dynamics:KBA: KBA-05234-Y5J7V8 : URL: http://sv-vw-ejap:5555/SupportCenter/main.aspx?etc=127&extraqs=%3fetc%3d127%26id%3d%257bba08b58b-33bb-ea11-8826-00505695a183%257d&newWindow=true&pagetype=entityrecord : 更新成功
2025-06-23 19:09:58,533:INFO:app.controller:処理中 (161/2539): KBA: KBA-05236-C7X0P0
2025-06-23 19:10:03,819:INFO:app.dynamics:KBA: KBA-05236-C7X0P0 : URL: http://sv-vw-ejap:5555/SupportCenter/main.aspx?etc=127&extraqs=%3fetc%3d127%26id%3d%257bbe08b58b-33bb-ea11-8826-00505695a183%257d&newWindow=true&pagetype=entityrecord : 更新成功
2025-06-23 19:10:06,063:INFO:app.controller:処理中 (162/2539): KBA: KBA-05239-K1F3R8
2025-06-23 19:10:11,542:INFO:app.dynamics:KBA: KBA-05239-K1F3R8 : URL: http://sv-vw-ejap:5555/SupportCenter/main.aspx?etc=127&extraqs=%3fetc%3d127%26id%3d%257bc408b58b-33bb-ea11-8826-00505695a183%257d&newWindow=true&pagetype=entityrecord : 更新成功
2025-06-23 19:10:13,753:INFO:app.controller:処理中 (163/2539): KBA: KBA-05248-R9C1F3
2025-06-23 19:10:19,205:INFO:app.dynamics:KBA: KBA-05248-R9C1F3 : URL: http://sv-vw-ejap:5555/SupportCenter/main.aspx?etc=127&extraqs=%3fetc%3d127%26id%3d%257bd608b58b-33bb-ea11-8826-00505695a183%257d&newWindow=true&pagetype=entityrecord : 更新成功
2025-06-23 19:10:21,404:INFO:app.controller:処理中 (164/2539): KBA: KBA-05255-H3Q8J3
2025-06-23 19:10:26,651:INFO:app.dynamics:KBA: KBA-05255-H3Q8J3 : URL: http://sv-vw-ejap:5555/SupportCenter/main.aspx?etc=127&extraqs=%3fetc%3d127%26id%3d%257be408b58b-33bb-ea11-8826-00505695a183%257d&newWindow=true&pagetype=entityrecord : 更新成功
2025-06-23 19:10:28,848:INFO:app.controller:処理中 (165/2539): KBA: KBA-05272-V5D8B4
2025-06-23 19:10:34,291:INFO:app.dynamics:KBA: KBA-05272-V5D8B4 : URL: http://sv-vw-ejap:5555/SupportCenter/main.aspx?etc=127&extraqs=%3fetc%3d127%26id%3d%257b0609b58b-33bb-ea11-8826-00505695a183%257d&newWindow=true&pagetype=entityrecord : 更新成功
2025-06-23 19:10:36,491:INFO:app.controller:処理中 (166/2539): KBA: KBA-05284-F2K8W0
2025-06-23 19:10:41,898:INFO:app.dynamics:KBA: KBA-05284-F2K8W0 : URL: http://sv-vw-ejap:5555/SupportCenter/main.aspx?etc=127&extraqs=%3fetc%3d127%26id%3d%257b1e09b58b-33bb-ea11-8826-00505695a183%257d&newWindow=true&pagetype=entityrecord : 更新成功
2025-06-23 19:10:44,128:INFO:app.controller:処理中 (167/2539): KBA: KBA-05285-S3D3J7
2025-06-23 19:10:49,421:INFO:app.dynamics:KBA: KBA-05285-S3D3J7 : URL: http://sv-vw-ejap:5555/SupportCenter/main.aspx?etc=127&extraqs=%3fetc%3d127%26id%3d%257b2009b58b-33bb-ea11-8826-00505695a183%257d&newWindow=true&pagetype=entityrecord : 更新成功
2025-06-23 19:10:51,669:INFO:app.controller:処理中 (168/2539): KBA: KBA-05287-T4K1X4
2025-06-23 19:10:56,950:INFO:app.dynamics:KBA: KBA-05287-T4K1X4 : URL: http://sv-vw-ejap:5555/SupportCenter/main.aspx?etc=127&extraqs=%3fetc%3d127%26id%3d%257b2409b58b-33bb-ea11-8826-00505695a183%257d&newWindow=true&pagetype=entityrecord : 更新成功
2025-06-23 19:10:59,188:INFO:app.controller:処理中 (169/2539): KBA: KBA-05288-F7H8H8
2025-06-23 19:11:04,389:INFO:app.dynamics:KBA: KBA-05288-F7H8H8 : URL: http://sv-vw-ejap:5555/SupportCenter/main.aspx?etc=127&extraqs=%3fetc%3d127%26id%3d%257b2609b58b-33bb-ea11-8826-00505695a183%257d&newWindow=true&pagetype=entityrecord : 更新成功
2025-06-23 19:11:06,602:INFO:app.controller:処理中 (170/2539): KBA: KBA-05289-R2L8J9
2025-06-23 19:11:11,901:INFO:app.dynamics:KBA: KBA-05289-R2L8J9 : URL: http://sv-vw-ejap:5555/SupportCenter/main.aspx?etc=127&extraqs=%3fetc%3d127%26id%3d%257b2809b58b-33bb-ea11-8826-00505695a183%257d&newWindow=true&pagetype=entityrecord : 更新成功
2025-06-23 19:11:14,131:INFO:app.controller:処理中 (171/2539): KBA: KBA-05290-D7G5X5
2025-06-23 19:11:19,511:INFO:app.dynamics:KBA: KBA-05290-D7G5X5 : URL: http://sv-vw-ejap:5555/SupportCenter/main.aspx?etc=127&extraqs=%3fetc%3d127%26id%3d%257b2a09b58b-33bb-ea11-8826-00505695a183%257d&newWindow=true&pagetype=entityrecord : 更新成功
2025-06-23 19:11:21,721:INFO:app.controller:処理中 (172/2539): KBA: KBA-05291-H6K7X7
2025-06-23 19:11:27,157:INFO:app.dynamics:KBA: KBA-05291-H6K7X7 : URL: http://sv-vw-ejap:5555/SupportCenter/main.aspx?etc=127&extraqs=%3fetc%3d127%26id%3d%257b2c09b58b-33bb-ea11-8826-00505695a183%257d&newWindow=true&pagetype=entityrecord : 更新成功
2025-06-23 19:11:29,373:INFO:app.controller:処理中 (173/2539): KBA: KBA-05292-Z7N1W2
2025-06-23 19:11:34,728:INFO:app.dynamics:KBA: KBA-05292-Z7N1W2 : URL: http://sv-vw-ejap:5555/SupportCenter/main.aspx?etc=127&extraqs=%3fetc%3d127%26id%3d%257b2e09b58b-33bb-ea11-8826-00505695a183%257d&newWindow=true&pagetype=entityrecord : 更新成功
2025-06-23 19:11:37,026:INFO:app.controller:処理中 (174/2539): KBA: KBA-05293-H4S0G5
2025-06-23 19:11:42,352:INFO:app.dynamics:KBA: KBA-05293-H4S0G5 : URL: http://sv-vw-ejap:5555/SupportCenter/main.aspx?etc=127&extraqs=%3fetc%3d127%26id%3d%257b3009b58b-33bb-ea11-8826-00505695a183%257d&newWindow=true&pagetype=entityrecord : 更新成功
2025-06-23 19:11:44,610:INFO:app.controller:処理中 (175/2539): KBA: KBA-05294-T4Z6J9
2025-06-23 19:11:49,884:INFO:app.dynamics:KBA: KBA-05294-T4Z6J9 : URL: http://sv-vw-ejap:5555/SupportCenter/main.aspx?etc=127&extraqs=%3fetc%3d127%26id%3d%257b3209b58b-33bb-ea11-8826-00505695a183%257d&newWindow=true&pagetype=entityrecord : 更新成功
2025-06-23 19:11:52,105:INFO:app.controller:処理中 (176/2539): KBA: KBA-05295-M4Z2M0
2025-06-23 19:11:57,613:INFO:app.dynamics:KBA: KBA-05295-M4Z2M0 : URL: http://sv-vw-ejap:5555/SupportCenter/main.aspx?etc=127&extraqs=%3fetc%3d127%26id%3d%257b3409b58b-33bb-ea11-8826-00505695a183%257d&newWindow=true&pagetype=entityrecord : 更新成功
2025-06-23 19:11:59,840:INFO:app.controller:処理中 (177/2539): KBA: KBA-05296-F3Z1V7
2025-06-23 19:12:05,141:INFO:app.dynamics:KBA: KBA-05296-F3Z1V7 : URL: http://sv-vw-ejap:5555/SupportCenter/main.aspx?etc=127&extraqs=%3fetc%3d127%26id%3d%257b3609b58b-33bb-ea11-8826-00505695a183%257d&newWindow=true&pagetype=entityrecord : 更新成功
2025-06-23 19:12:07,346:INFO:app.controller:処理中 (178/2539): KBA: KBA-05297-P5P7P3
2025-06-23 19:12:12,757:INFO:app.dynamics:KBA: KBA-05297-P5P7P3 : URL: http://sv-vw-ejap:5555/SupportCenter/main.aspx?etc=127&extraqs=%3fetc%3d127%26id%3d%257b3809b58b-33bb-ea11-8826-00505695a183%257d&newWindow=true&pagetype=entityrecord : 更新成功
2025-06-23 19:12:14,986:INFO:app.controller:処理中 (179/2539): KBA: KBA-05306-C7R1L2
2025-06-23 19:12:20,376:INFO:app.dynamics:KBA: KBA-05306-C7R1L2 : URL: http://sv-vw-ejap:5555/SupportCenter/main.aspx?etc=127&extraqs=%3fetc%3d127%26id%3d%257b4a09b58b-33bb-ea11-8826-00505695a183%257d&newWindow=true&pagetype=entityrecord : 更新成功
2025-06-23 19:12:22,605:INFO:app.controller:処理中 (180/2539): KBA: KBA-05307-B1H6K9
2025-06-23 19:12:27,881:INFO:app.dynamics:KBA: KBA-05307-B1H6K9 : URL: http://sv-vw-ejap:5555/SupportCenter/main.aspx?etc=127&extraqs=%3fetc%3d127%26id%3d%257b4c09b58b-33bb-ea11-8826-00505695a183%257d&newWindow=true&pagetype=entityrecord : 更新成功
2025-06-23 19:12:30,098:INFO:app.controller:処理中 (181/2539): KBA: KBA-05308-R6J2W7
2025-06-23 19:12:35,594:INFO:app.dynamics:KBA: KBA-05308-R6J2W7 : URL: http://sv-vw-ejap:5555/SupportCenter/main.aspx?etc=127&extraqs=%3fetc%3d127%26id%3d%257b4e09b58b-33bb-ea11-8826-00505695a183%257d&newWindow=true&pagetype=entityrecord : 更新成功
2025-06-23 19:12:37,824:INFO:app.controller:処理中 (182/2539): KBA: KBA-05309-K9H2N7
2025-06-23 19:12:43,086:INFO:app.dynamics:KBA: KBA-05309-K9H2N7 : URL: http://sv-vw-ejap:5555/SupportCenter/main.aspx?etc=127&extraqs=%3fetc%3d127%26id%3d%257b5009b58b-33bb-ea11-8826-00505695a183%257d&newWindow=true&pagetype=entityrecord : 更新成功
2025-06-23 19:12:45,326:INFO:app.controller:処理中 (183/2539): KBA: KBA-05312-D0G9C1
2025-06-23 19:12:50,559:INFO:app.dynamics:KBA: KBA-05312-D0G9C1 : URL: http://sv-vw-ejap:5555/SupportCenter/main.aspx?etc=127&extraqs=%3fetc%3d127%26id%3d%257b5609b58b-33bb-ea11-8826-00505695a183%257d&newWindow=true&pagetype=entityrecord : 更新成功
2025-06-23 19:12:52,830:INFO:app.controller:処理中 (184/2539): KBA: KBA-05313-K0N6T4
2025-06-23 19:12:58,145:INFO:app.dynamics:KBA: KBA-05313-K0N6T4 : URL: http://sv-vw-ejap:5555/SupportCenter/main.aspx?etc=127&extraqs=%3fetc%3d127%26id%3d%257b5809b58b-33bb-ea11-8826-00505695a183%257d&newWindow=true&pagetype=entityrecord : 更新成功
2025-06-23 19:13:00,352:INFO:app.controller:処理中 (185/2539): KBA: KBA-05315-V6D0L1
2025-06-23 19:13:05,619:INFO:app.dynamics:KBA: KBA-05315-V6D0L1 : URL: http://sv-vw-ejap:5555/SupportCenter/main.aspx?etc=127&extraqs=%3fetc%3d127%26id%3d%257b5c09b58b-33bb-ea11-8826-00505695a183%257d&newWindow=true&pagetype=entityrecord : 更新成功
2025-06-23 19:13:07,830:INFO:app.controller:処理中 (186/2539): KBA: KBA-05329-Z9R6L0
2025-06-23 19:13:13,083:INFO:app.dynamics:KBA: KBA-05329-Z9R6L0 : URL: http://sv-vw-ejap:5555/SupportCenter/main.aspx?etc=127&extraqs=%3fetc%3d127%26id%3d%257b7809b58b-33bb-ea11-8826-00505695a183%257d&newWindow=true&pagetype=entityrecord : 更新成功
2025-06-23 19:13:15,315:INFO:app.controller:処理中 (187/2539): KBA: KBA-05333-S5W4W7
2025-06-23 19:13:20,647:INFO:app.dynamics:KBA: KBA-05333-S5W4W7 : URL: http://sv-vw-ejap:5555/SupportCenter/main.aspx?etc=127&extraqs=%3fetc%3d127%26id%3d%257b8009b58b-33bb-ea11-8826-00505695a183%257d&newWindow=true&pagetype=entityrecord : 更新成功
2025-06-23 19:13:22,910:INFO:app.controller:処理中 (188/2539): KBA: KBA-05345-T1W8B4
